Processed Jugnu
Processed Do Bhai
Processed Dard
Processed Mirza Sahiban
Processed Shehnai
Processed Elaan
Processed Parwana
Processed Sajan
Processed Neel Kamal
Processed Shaheed
Processed Chandralekha
Processed Pyar Ki Jeet
Warning: truncating paras for Mela from 1069 down to 1000
Processed Mela
Processed Ziddi
Processed Nadiya Ke Paar
Warning: truncating paras for Suhaag Raat from 1477 down to 1000
Processed Suhaag Raat
Warning: truncating paras for 11 O'Clock from 1144 down to 1000
Processed 11 O'Clock
Warning: truncating paras for Barsaat from 1314 down to 1000
Processed Barsaat
Processed Andaz
Processed Mahal
Processed Dillagi
Processed Shabnam
Warning: truncating paras for Bari Behen from 1471 down to 1000
Processed Bari Behen
Warning: truncating paras for Patanga from 1245 down to 1000
Processed Patanga
Processed Dulari
Processed Singaar
Processed Samadhi
Processed Babul
Processed Dastan
Processed Jogan
Warning: truncating paras for Sangram from 1134 down to 1000
Processed Sangram
Processed Beqasoor
Processed Sargam
Processed Arzoo
Processed Aankhen
Warning: truncating paras for Awaara from 1197 down to 1000
Processed Awaara
Processed Baazi
Processed Albela
Processed Deedar
Processed Jadoo
Warning: truncating paras for Bahar from 1137 down to 1000
Processed Bahar
Processed Baadal
Processed Hum Log
Processed Afsana
Processed Aan
Warning: truncating paras for Baiju Bawra from 1068 down to 1000
Processed Baiju Bawra
Processed Jaal
Processed Daag
Processed Anhonee
Processed Anand Math
Processed Sangdil
Processed Maa
Processed Bewafa
Processed Aandhiyan
Processed Anarkali
Warning: truncating paras for Ladki from 1798 down to 1000
Processed Ladki
Processed Do Bigha Zamin
Warning: truncating paras for Parineeta from 1192 down to 1000
Processed Parineeta
Processed Footpath
Warning: truncating paras for Jhamela from 1201 down to 1000
Processed Jhamela
Warning: truncating paras for Shikast from 1228 down to 1000
Processed Shikast
Processed Aah
Processed Rahi
Processed Nagin
Processed Nastik
Warning: truncating paras for Taxi Driver from 1553 down to 1000
Processed Taxi Driver
Warning: truncating paras for Mirza Ghalib from 1054 down to 1000
Processed Mirza Ghalib
Processed Aar Paar
Processed Jagriti
Processed Shart
Processed Boot Polish
Warning: truncating paras for Amar from 1758 down to 1000
Processed Amar
Processed Adhikar
Warning: truncating paras for Shree 420 from 1088 down to 1000
Processed Shree 420
Processed Azaad
Warning: truncating paras for Jhanak Jhanak Payal Baje from 2493 down to 1000
Processed Jhanak Jhanak Payal Baje
Processed Uran Khatola
Processed Mr. & Mrs. '55
Processed Insaniyat
Processed Munimji
Warning: truncating paras for Seema from 1817 down to 1000
Processed Seema
Warning: truncating paras for Devdas from 1517 down to 1000
Processed Devdas
Warning: truncating paras for C.I.D. from 1354 down to 1000
Processed C.I.D.
Processed Ek Hi Raasta
Warning: truncating paras for Chori Chori from 1035 down to 1000
Processed Chori Chori
Warning: truncating paras for Basant Bahar from 1500 down to 1000
Processed Basant Bahar
Warning: truncating paras for New Delhi from 2673 down to 1000
Processed New Delhi
Processed Raj Hath
Warning: truncating paras for Bhai-Bhai from 1022 down to 1000
Processed Bhai-Bhai
Processed Toofan Aur Diya
Processed Funtoosh
Warning: truncating paras for Inspector from 1406 down to 1000
Processed Inspector
Warning: truncating paras for Mother India from 1290 down to 1000
Processed Mother India
Processed Naya Daur
Warning: truncating paras for Pyaasa from 1236 down to 1000
Processed Pyaasa
Processed Do Aankhen Barah Haath
Processed Tumsa Nahin Dekha
Processed Paying Guest
Warning: truncating paras for Aasha from 1028 down to 1000
Processed Aasha
Processed Ek Saal
Processed Sharada
Warning: truncating paras for Musafir from 1775 down to 1000
Processed Musafir
Warning: truncating paras for Madhumati from 1142 down to 1000
Processed Madhumati
Processed Chalti Ka Naam Gaadi
Processed Yahudi
Processed Phir Subah Hogi
Processed Sadhna
Processed Phagun
Processed Parvarish
Processed Kala Pani
Processed Howrah Bridge
Warning: truncating paras for Dilli Ka Thug from 1143 down to 1000
Processed Dilli Ka Thug
Processed Anari
Processed Paigham
Processed Navrang
Processed Dhool Ka Phool
Processed Goonj Uthi Shehnai
Processed Dil Deke Dekho
Processed Sujata
Warning: truncating paras for Chhoti Bahen from 1381 down to 1000
Processed Chhoti Bahen
Warning: truncating paras for Do Ustad from 4774 down to 1000
Processed Do Ustad
Processed Chirag Kahan Roshni Kahan
Warning: truncating paras for Mughal-e-Azam from 1243 down to 1000
Processed Mughal-e-Azam
Processed Barsaat Ki Raat
Processed Kohinoor
Warning: truncating paras for Chaudhvin Ka Chand from 1282 down to 1000
Processed Chaudhvin Ka Chand
Processed Jis Desh Mein Ganga Behti Hai
Processed Dil Apna Aur Preet Parayi
Warning: truncating paras for Love in Simla from 1123 down to 1000
Processed Love in Simla
Processed Ghunghat
Processed Kanoon
Processed Kala Bazar
Warning: truncating paras for Gunga Jumna from 1899 down to 1000
Processed Gunga Jumna
Processed Junglee
Warning: truncating paras for Gharana from 1630 down to 1000
Processed Gharana
Processed Aas Ka Panchhi
Processed Jab Pyar Kisi Se Hota Hai
Warning: truncating paras for Sasural from 1745 down to 1000
Processed Sasural
Processed Hum Dono
Processed Kabuliwala
Processed Zindagi aur Khwab
Processed Shola Aur Shabnam
Processed Bees Saal Baad
Processed Ek Musafir Ek Haseena
Warning: truncating paras for Professor from 1213 down to 1000
Processed Professor
Processed Hariyali Aur Raasta
Processed Asli-Naqli
Processed Dil Tera Diwana
Warning: truncating paras for Anpadh from 1150 down to 1000
Processed Anpadh
Warning: truncating paras for Aarti from 1328 down to 1000
Processed Aarti
Warning: truncating paras for China Town from 2244 down to 1000
Processed China Town
Processed Sangeet Samrat Tansen
Warning: truncating paras for Mere Mehboob from 1691 down to 1000
Processed Mere Mehboob
Processed Taj Mahal
Processed Phir Wohi Dil Laya Hoon
Processed Gumrah
Processed Dil Ek Mandir
Processed Tere Ghar Ke Samne
Warning: truncating paras for Shikari from 1422 down to 1000
Processed Shikari
Warning: truncating paras for Mujhe Jeene Do from 1113 down to 1000
Processed Mujhe Jeene Do
Warning: truncating paras for Gehra Daag from 1543 down to 1000
Processed Gehra Daag
Warning: truncating paras for Bandini from 1146 down to 1000
Processed Bandini
Processed Sangam
Warning: truncating paras for Ayee Milan Ki Bela from 1980 down to 1000
Processed Ayee Milan Ki Bela
Processed Dosti
Processed Ziddi
Processed Rajkumar
Warning: truncating paras for Kashmir Ki Kali from 1368 down to 1000
Processed Kashmir Ki Kali
Warning: truncating paras for Haqeeqat from 1280 down to 1000
Processed Haqeeqat
Warning: truncating paras for Zindagi from 1943 down to 1000
Processed Zindagi
Processed Woh Kaun Thi
Processed April Fool
Warning: truncating paras for Waqt from 1358 down to 1000
Processed Waqt
Warning: truncating paras for Jab Jab Phool Khile from 1494 down to 1000
Processed Jab Jab Phool Khile
Processed Himalay Ki God Mein
Warning: truncating paras for Arzoo from 1332 down to 1000
Processed Arzoo
Processed Guide
Warning: truncating paras for Khandan from 1898 down to 1000
Processed Khandan
Processed Janwar
Processed Gumnaam
Processed Mere Sanam
Processed Shaheed
Warning: truncating paras for Phool Aur Patthar from 1314 down to 1000
Processed Phool Aur Patthar
Processed Suraj
Processed Mera Saaya
Processed Teesri Manzil
Warning: truncating paras for Love in Tokyo from 6953 down to 1000
Processed Love in Tokyo
Processed Do Badan
Processed Aaye Din Bahar Ke
Warning: truncating paras for Sawan Ki Ghata from 1200 down to 1000
Processed Sawan Ki Ghata
Warning: truncating paras for Pyar Kiye Jaa from 2538 down to 1000
Processed Pyar Kiye Jaa
Processed Dus Lakh
Processed Upkar
Processed Ram Aur Shyam
Warning: truncating paras for Farz from 2820 down to 1000
Processed Farz
Warning: truncating paras for Hamraaz from 1238 down to 1000
Processed Hamraaz
Warning: truncating paras for Shagird from 2080 down to 1000
Processed Shagird
Processed Jewel Thief
Warning: truncating paras for Milan from 1025 down to 1000
Processed Milan
Processed An Evening in Paris
Warning: truncating paras for Patthar Ke Sanam from 2748 down to 1000
Processed Patthar Ke Sanam
Warning: truncating paras for Raat Aur Din from 1119 down to 1000
Processed Raat Aur Din
Processed Ankhen
Warning: truncating paras for Do Kaliyaan from 1540 down to 1000
Processed Do Kaliyaan
Processed Neel Kamal
Processed Kanyadaan
Warning: truncating paras for Shikar from 1280 down to 1000
Processed Shikar
Warning: truncating paras for Padosan from 1396 down to 1000
Processed Padosan
Processed Brahmachari
Processed Aadmi
Warning: truncating paras for Haseena Maan Jayegi from 1065 down to 1000
Processed Haseena Maan Jayegi
Warning: truncating paras for Duniya from 1902 down to 1000
Processed Duniya
Warning: truncating paras for Aradhana from 1262 down to 1000
Processed Aradhana
Processed Do Raaste
Warning: truncating paras for Ek Phool Do Mali from 1020 down to 1000
Processed Ek Phool Do Mali
Processed Prince
Processed Intaqam
Warning: truncating paras for Jeene Ki Raah from 1052 down to 1000
Processed Jeene Ki Raah
Warning: truncating paras for Aya Sawan Jhoom Ke from 1045 down to 1000
Processed Aya Sawan Jhoom Ke
Warning: truncating paras for Bandhan from 2306 down to 1000
Processed Bandhan
Processed Sajan
Warning: truncating paras for Waris (1969 film) from 1044 down to 1000
Processed Waris (1969 film)
Processed Johny Mera Naam
Processed Sachaa Jhutha
Warning: truncating paras for Aan Milo Sajna from 1873 down to 1000
Processed Aan Milo Sajna
Warning: truncating paras for Purab Aur Paschim from 1698 down to 1000
Processed Purab Aur Paschim
Processed Jeevan Mrityu
Processed Khilona
Processed Sharafat
Warning: truncating paras for Humjoli from 2298 down to 1000
Processed Humjoli
Warning: truncating paras for Safar from 1137 down to 1000
Processed Safar
Warning: truncating paras for Tum Haseen Main Jawaan from 1161 down to 1000
Processed Tum Haseen Main Jawaan
Warning: truncating paras for Haathi Mere Saathi from 1347 down to 1000
Processed Haathi Mere Saathi
Warning: truncating paras for Mera Gaon Mera Desh from 1365 down to 1000
Processed Mera Gaon Mera Desh
Processed Dushman
Warning: truncating paras for Maryada from 1293 down to 1000
Processed Maryada
Warning: truncating paras for Andaz from 1103 down to 1000
Processed Andaz
Warning: truncating paras for Kati Patang from 1378 down to 1000
Processed Kati Patang
Processed Hare Rama Hare Krishna
Processed Caravan
Processed Mela
Warning: truncating paras for Mehboob Ki Mehndi from 2782 down to 1000
Processed Mehboob Ki Mehndi
Processed Seeta Aur Geeta
Warning: truncating paras for Pakeezah from 1412 down to 1000
Processed Pakeezah
Warning: truncating paras for Raja Jani from 1240 down to 1000
Processed Raja Jani
Processed Be-Imaan
Processed Gora Aur Kala
Processed Apna Desh
Warning: truncating paras for Victoria No. 203 from 1513 down to 1000
Processed Victoria No. 203
Processed Jawani Diwani
Processed Samadhi
Warning: truncating paras for Bawarchi from 1341 down to 1000
Processed Bawarchi
Warning: truncating paras for Bobby from 1292 down to 1000
Processed Bobby
Processed Jugnu
Processed Daag
Warning: truncating paras for Zanjeer from 1813 down to 1000
Processed Zanjeer
Warning: truncating paras for Yaadon Ki Baaraat from 1009 down to 1000
Processed Yaadon Ki Baaraat
Warning: truncating paras for Kahani Kismat Ki from 1489 down to 1000
Processed Kahani Kismat Ki
Processed Loafer
Warning: truncating paras for Dharma from 1679 down to 1000
Processed Dharma
Processed Heera
Processed Aa Gale Lag Jaa
Processed Roti Kapda Aur Makaan
Processed Chor Machaye Shor
Warning: truncating paras for Dost from 1563 down to 1000
Processed Dost
Warning: truncating paras for Prem Nagar from 1436 down to 1000
Processed Prem Nagar
Warning: truncating paras for Bidaai from 2080 down to 1000
Processed Bidaai
Warning: truncating paras for Amir Garib from 1014 down to 1000
Processed Amir Garib
Processed Roti
Processed Patthar Aur Payal
Processed Aap Ki Kasam
Processed Haath Ki Safai
Warning: truncating paras for Sholay from 1516 down to 1000
Processed Sholay
Warning: truncating paras for Dharmatma from 1375 down to 1000
Processed Dharmatma
Processed Jai Santoshi Maa
Warning: truncating paras for Deewaar from 1205 down to 1000
Processed Deewaar
Warning: truncating paras for Sanyasi from 1864 down to 1000
Processed Sanyasi
Processed Pratigya
Warning: truncating paras for Khel Khel Mein from 1138 down to 1000
Processed Khel Khel Mein
Processed Warrant
Processed Rafoo Chakkar
Processed Chori Mera Kaam
Processed Nagin
Processed Laila Majnu
Processed Dus Numbri
Processed Hera Pheri
Warning: truncating paras for Charas from 1173 down to 1000
Processed Charas
Warning: truncating paras for Fakira from 1127 down to 1000
Processed Fakira
Warning: truncating paras for Kalicharan from 1567 down to 1000
Processed Kalicharan
Warning: truncating paras for Kabhie Kabhie from 1456 down to 1000
Processed Kabhie Kabhie
Warning: truncating paras for Maa from 2490 down to 1000
Processed Maa
Processed Do Anjaane
Processed Amar Akbar Anthony
Processed Dharam Veer
Processed Hum Kisise Kum Naheen
Processed Parvarish
Warning: truncating paras for Chacha Bhatija from 1143 down to 1000
Processed Chacha Bhatija
Processed Khoon Pasina
Processed Apnapan
Processed Adalat
Processed Inkaar
Warning: truncating paras for Dulhan Wahi Jo Piya Man Bhaye from 2330 down to 1000
Processed Dulhan Wahi Jo Piya Man Bhaye
Processed Muqaddar Ka Sikandar
Processed Trishul
Processed Don
Warning: truncating paras for Azaad from 1269 down to 1000
Processed Azaad
Warning: truncating paras for Main Tulsi Tere Aangan Ki from 2177 down to 1000
Processed Main Tulsi Tere Aangan Ki
Processed Swarg Narak
Processed Kasme Vaade
Processed Ganga Ki Saugandh
Warning: truncating paras for Satyam Shivam Sundaram from 1062 down to 1000
Processed Satyam Shivam Sundaram
Processed Phandebaaz
Processed Suhaag
Processed Jaani Dushman
Processed Sargam
Processed Mr. Natwarlal
Processed Kaala Patthar
Processed Gol Maal
Processed Noorie
Processed Kartavya
Warning: truncating paras for Surakshaa from 1738 down to 1000
Processed Surakshaa
Processed Khandaan
Processed Qurbani
Processed Aasha
Processed Ram Balram
Warning: truncating paras for Dostana from 1115 down to 1000
Processed Dostana
Warning: truncating paras for Shaan from 1048 down to 1000
Processed Shaan
Warning: truncating paras for Jyoti Bane Jwala from 2592 down to 1000
Processed Jyoti Bane Jwala
Processed The Burning Train
Warning: truncating paras for Ali Baba Aur 40 Chor from 3364 down to 1000
Processed Ali Baba Aur 40 Chor
Warning: truncating paras for Karz from 1302 down to 1000
Processed Karz
Warning: truncating paras for Judaai from 1734 down to 1000
Processed Judaai
Warning: truncating paras for Kranti from 1820 down to 1000
Processed Kranti
Processed Naseeb
Warning: truncating paras for Meri Aawaz Suno from 1682 down to 1000
Processed Meri Aawaz Suno
Processed Laawaris
Processed Love Story
Warning: truncating paras for Ek Duuje Ke Liye from 1076 down to 1000
Processed Ek Duuje Ke Liye
Processed Katilon Ke Kaatil
Processed Kaalia
Processed Yaarana
Processed Rocky
Warning: truncating paras for Vidhaata from 1384 down to 1000
Processed Vidhaata
Processed Prem Rog
Processed Namak Halaal
Processed Khud-Daar
Processed Farz Aur Kanoon
Processed Nikaah
Processed Satte Pe Satta
Processed Shakti
Warning: truncating paras for Rajput from 1496 down to 1000
Processed Rajput
Processed Desh Premee
Processed Coolie
Warning: truncating paras for Betaab from 1127 down to 1000
Processed Betaab
Processed Hero
Warning: truncating paras for Himmatwala from 2360 down to 1000
Processed Himmatwala
Processed Andha Kanoon
Warning: truncating paras for Mawaali from 2190 down to 1000
Processed Mawaali
Warning: truncating paras for Naukar Biwi Ka from 1670 down to 1000
Processed Naukar Biwi Ka
Warning: truncating paras for Justice Chaudhury from 2484 down to 1000
Processed Justice Chaudhury
Processed Mahaan
Warning: truncating paras for Jaani Dost from 2156 down to 1000
Processed Jaani Dost
Processed Tohfa
Processed Maqsad
Processed Sharaabi
Warning: truncating paras for Dharm Aur Qanoon from 1204 down to 1000
Processed Dharm Aur Qanoon
Processed Raaj Tilak
Warning: truncating paras for Awaaz from 2456 down to 1000
Processed Awaaz
Processed Aaj Ki Awaaz
Processed Kasam Paida Karne Wale Ki
Warning: truncating paras for Jeene Nahi Doonga from 1014 down to 1000
Processed Jeene Nahi Doonga
Warning: truncating paras for Naya Kadam from 1122 down to 1000
Processed Naya Kadam
Processed Ram Teri Ganga Maili
Warning: truncating paras for Mard from 1780 down to 1000
Processed Mard
Warning: truncating paras for Geraftaar from 1653 down to 1000
Processed Geraftaar
Warning: truncating paras for Pyar Jhukta Nahin from 1064 down to 1000
Processed Pyar Jhukta Nahin
Warning: truncating paras for Ghulami from 1206 down to 1000
Processed Ghulami
Processed Arjun
Warning: truncating paras for Meri Jung from 1587 down to 1000
Processed Meri Jung
Warning: truncating paras for Sanjog from 1996 down to 1000
Processed Sanjog
Processed Aandhi-Toofan
Warning: truncating paras for Hoshiyar from 1778 down to 1000
Processed Hoshiyar
Warning: truncating paras for Karma from 1006 down to 1000
Processed Karma
Processed Nagina
Processed Aakhree Raasta
Warning: truncating paras for Swarag Se Sunder from 1889 down to 1000
Processed Swarag Se Sunder
Processed Janbaaz
Processed Naam
Warning: truncating paras for Ilzaam from 1069 down to 1000
Processed Ilzaam
Processed Chameli Ki Shaadi
Warning: truncating paras for Amrit from 2014 down to 1000
Processed Amrit
Processed Love 86
Warning: truncating paras for Hukumat from 1557 down to 1000
Processed Hukumat
Warning: truncating paras for Mr. India from 1208 down to 1000
Processed Mr. India
Processed Khudgarz
Processed Jalwa
Processed Satyamev Jayate
Warning: truncating paras for Sindoor from 1318 down to 1000
Processed Sindoor
Processed Tezaab
Warning: truncating paras for Qayamat Se Qayamat Tak from 1360 down to 1000
Processed Qayamat Se Qayamat Tak
Warning: truncating paras for Shahenshah from 1112 down to 1000
Processed Shahenshah
Processed Paap Ki Duniya
Warning: truncating paras for Khoon Bhari Maang from 1992 down to 1000
Processed Khoon Bhari Maang
Warning: truncating paras for Waqt Ki Awaz from 1009 down to 1000
Processed Waqt Ki Awaz
Processed Pyaar Ka Mandir
Processed Dayavan
Processed Maine Pyar Kiya
Warning: truncating paras for Ram Lakhan from 1270 down to 1000
Processed Ram Lakhan
Warning: truncating paras for Chandni from 1010 down to 1000
Processed Chandni
Processed Tridev
Processed ChaalBaaz
Processed Elaan-E-Jung
Warning: truncating paras for Daata from 1505 down to 1000
Processed Daata
Processed Batwara
Processed Parinda
Processed Toofan
Processed Dil
Processed Ghayal
Processed Aaj Ka Arjun
Processed Kishen Kanhaiya
Processed Baaghi
Warning: truncating paras for Thanedaar from 1812 down to 1000
Processed Thanedaar
Processed Aashiqui
Warning: truncating paras for Swarg from 1208 down to 1000
Processed Swarg
Processed Baap Numbri Beta Dus Numbri
Processed Ghar Ho To Aisa
Processed Saajan
Warning: truncating paras for Saudagar from 1056 down to 1000
Processed Saudagar
Warning: truncating paras for Hum from 1105 down to 1000
Processed Hum
Processed Yodha
Processed Phool Aur Kaante
Warning: truncating paras for Sadak from 1534 down to 1000
Processed Sadak
Warning: truncating paras for Akayla from 1764 down to 1000
Processed Akayla
Warning: truncating paras for Henna from 1160 down to 1000
Processed Henna
Processed Kurbaan
Warning: truncating paras for Lamhe from 1333 down to 1000
Processed Lamhe
Processed Beta
Processed Deewana
Warning: truncating paras for Khuda Gawah from 1519 down to 1000
Processed Khuda Gawah
Processed Shola Aur Shabnam
Warning: truncating paras for Tahalka from 1825 down to 1000
Processed Tahalka
Processed Aankhen
Processed Khal Nayak
Processed Darr
Processed Baazigar
Processed Gumrah
Processed Damini
Warning: truncating paras for Anari from 1264 down to 1000
Processed Anari
Processed Dalaal
Processed Lootere
Warning: truncating paras for Hum Hain Rahi Pyar Ke from 1276 down to 1000
Processed Hum Hain Rahi Pyar Ke
Warning: truncating paras for Hum Aapke Hain Koun..! from 1670 down to 1000
Processed Hum Aapke Hain Koun..!
Processed Mohra
Processed Krantiveer
Processed Raja Babu
Warning: truncating paras for Main Khiladi Tu Anari from 1099 down to 1000
Processed Main Khiladi Tu Anari
Processed Yeh Dillagi
Processed Laadla
Warning: truncating paras for Suhaag from 1999 down to 1000
Processed Suhaag
Warning: truncating paras for Dilwale from 1125 down to 1000
Processed Dilwale
Processed Vijaypath
Warning: truncating paras for Dilwale Dulhania Le Jayenge from 1132 down to 1000
Processed Dilwale Dulhania Le Jayenge
Processed Karan Arjun
Processed Raja
Processed Barsaat
Processed Rangeela
Processed Coolie No. 1
Processed Sabse Bada Khiladi
Warning: truncating paras for Trimurti from 1019 down to 1000
Processed Trimurti
Warning: truncating paras for Ram Jaane from 1817 down to 1000
Processed Ram Jaane
Processed Akele Hum Akele Tum
Warning: truncating paras for Raja Hindustani from 1818 down to 1000
Processed Raja Hindustani
Warning: truncating paras for Agni Sakshi from 1015 down to 1000
Processed Agni Sakshi
Processed Jeet
Warning: truncating paras for Ghatak from 1717 down to 1000
Processed Ghatak
Processed Khiladiyon Ka Khiladi
Warning: truncating paras for Saajan Chale Sasural from 1112 down to 1000
Processed Saajan Chale Sasural
Warning: truncating paras for Bandit Queen from 1266 down to 1000
Processed Bandit Queen
Warning: truncating paras for Jaan from 1461 down to 1000
Processed Jaan
Warning: truncating paras for Ajay from 1114 down to 1000
Processed Ajay
Warning: truncating paras for Diljale from 1339 down to 1000
Processed Diljale
Warning: truncating paras for Border from 1046 down to 1000
Processed Border
Warning: truncating paras for Dil To Pagal Hai from 1196 down to 1000
Processed Dil To Pagal Hai
Processed Ishq
Processed Pardes
Processed Gupt: The Hidden Truth
Processed Ziddi
Processed Hero No. 1
Processed Judaai
Warning: truncating paras for Koyla from 1169 down to 1000
Processed Koyla
Processed Deewana Mastana
Warning: truncating paras for Kuch Kuch Hota Hai from 1390 down to 1000
Processed Kuch Kuch Hota Hai
Processed Soldier
Processed Pyaar To Hona Hi Tha
Warning: truncating paras for Bade Miyan Chote Miyan from 1017 down to 1000
Processed Bade Miyan Chote Miyan
Processed Pyaar Kiya To Darna Kya
Warning: truncating paras for Dil Se.. from 1042 down to 1000
Processed Dil Se..
Processed Ghulam
Processed Major Saab
Processed Dulhe Raja
Processed China Gate
Warning: truncating paras for Hum Saath-Saath Hain from 1032 down to 1000
Processed Hum Saath-Saath Hain
Processed Biwi No.1
Processed Hum Dil De Chuke Sanam
Warning: truncating paras for Taal from 1010 down to 1000
Processed Taal
Processed Hum Aapke Dil Mein Rehte Hain
Warning: truncating paras for Sarfarosh from 1098 down to 1000
Processed Sarfarosh
Warning: truncating paras for Baadshah from 1019 down to 1000
Processed Baadshah
Warning: truncating paras for Mann from 1377 down to 1000
Processed Mann
Processed Kachche Dhaage
Processed Haseena Maan Jaayegi
Warning: truncating paras for Mohabbatein from 1303 down to 1000
Processed Mohabbatein
Processed Kaho Naa... Pyaar Hai
Processed Mission Kashmir
Warning: truncating paras for Dulhan Hum Le Jayenge from 1624 down to 1000
Processed Dulhan Hum Le Jayenge
Processed Refugee
Processed Josh
Processed Har Dil Jo Pyar Karega
Processed Fiza
Processed Hamara Dil Aapke Paas Hai
Processed Dhadkan
Warning: truncating paras for Kabhi Khushi Kabhie Gham... from 1256 down to 1000
Processed Kabhi Khushi Kabhie Gham...
Warning: truncating paras for Gadar: Ek Prem Katha from 1626 down to 1000
Processed Gadar: Ek Prem Katha
Warning: truncating paras for Lagaan from 1555 down to 1000
Processed Lagaan
Warning: truncating paras for Indian from 1283 down to 1000
Processed Indian
Warning: truncating paras for Dil Chahta Hai from 1210 down to 1000
Processed Dil Chahta Hai
Warning: truncating paras for Chori Chori Chupke Chupke from 1350 down to 1000
Processed Chori Chori Chupke Chupke
Warning: truncating paras for Ek Rishtaa: The Bond of Love from 1010 down to 1000
Processed Ek Rishtaa: The Bond of Love
Warning: truncating paras for Yaadein from 1226 down to 1000
Processed Yaadein
Processed Lajja
Processed Jodi No.1
Warning: truncating paras for Devdas from 1488 down to 1000
Processed Devdas
Processed Kaante
Warning: truncating paras for Raaz from 1136 down to 1000
Processed Raaz
Processed Hum Tumhare Hain Sanam
Warning: truncating paras for Aankhen from 1095 down to 1000
Processed Aankhen
Processed Mujhse Dosti Karoge!
Processed Humraaz
Processed Saathiya
Processed Awara Paagal Deewana
Warning: truncating paras for Company from 1079 down to 1000
Processed Company
Warning: truncating paras for Kal Ho Naa Ho from 1173 down to 1000
Processed Kal Ho Naa Ho
Warning: truncating paras for Koi... Mil Gaya from 1356 down to 1000
Processed Koi... Mil Gaya
Warning: truncating paras for The Hero: Love Story of a Spy from 1518 down to 1000
Processed The Hero: Love Story of a Spy
Processed Chalte Chalte
Warning: truncating paras for Baghban from 1217 down to 1000
Processed Baghban
Processed Main Prem Ki Diwani Hoon
Warning: truncating paras for Munna Bhai M.B.B.S. from 1073 down to 1000
Processed Munna Bhai M.B.B.S.
Processed LOC: Kargil
Processed Andaaz
Processed Qayamat: City Under Threat
Warning: truncating paras for Veer-Zaara from 1288 down to 1000
Processed Veer-Zaara
Processed Main Hoon Na
Processed Dhoom
Processed Mujhse Shaadi Karogi
Processed Khakee
Warning: truncating paras for Hum Tum from 1373 down to 1000
Processed Hum Tum
Processed Swades
Processed Murder
Processed Hulchul
Processed Aitraaz
Processed No Entry
Warning: truncating paras for Bunty Aur Babli from 1142 down to 1000
Processed Bunty Aur Babli
Processed Salaam Namaste
Processed Garam Masala
Processed Mangal Pandey: The Rising
Processed Maine Pyaar Kyun Kiya?
Warning: truncating paras for Waqt: The Race Against Time from 1172 down to 1000
Processed Waqt: The Race Against Time
Warning: truncating paras for Black from 1126 down to 1000
Processed Black
Processed Sarkar
Processed Dus
Warning: truncating paras for Dhoom 2 from 1512 down to 1000
Processed Dhoom 2
Warning: truncating paras for Krrish from 1335 down to 1000
Processed Krrish
Warning: truncating paras for Lage Raho Munna Bhai from 1347 down to 1000
Processed Lage Raho Munna Bhai
Warning: truncating paras for Kabhi Alvida Naa Kehna from 1219 down to 1000
Processed Kabhi Alvida Naa Kehna
Warning: truncating paras for Don from 1504 down to 1000
Processed Don
Processed Fanaa
Warning: truncating paras for Rang De Basanti from 1356 down to 1000
Processed Rang De Basanti
Processed Phir Hera Pheri
Processed Bhagam Bhag
Processed Vivah
Warning: truncating paras for Om Shanti Om from 1678 down to 1000
Processed Om Shanti Om
Processed Welcome
Processed Partner
Warning: truncating paras for Chak De! India from 1677 down to 1000
Processed Chak De! India
Processed Taare Zameen Par
Processed Heyy Babyy
Warning: truncating paras for Guru from 1171 down to 1000
Processed Guru
Processed Bhool Bhulaiyaa
Processed Namastey London
Processed Ta Ra Rum Pum
Processed Ghajini
Warning: truncating paras for Rab Ne Bana Di Jodi from 1508 down to 1000
Got exception parsing json response for movie Rab Ne Bana Di Jodi: {
    "plot": "Mild-mannered office employee Surinder Sahni marries his deceased teacher's miserable daughter Taani Gupta, and his friend Balwinder "Bobby" Khosla eventually transforms him into the fun-loving actor "Raj Kapoor" to win Taani's love.",
    "revenue": "₹157 crore",
    "genres": ["Romantic Comedy"],
    "cast": [
        {
            "name": "Shah Rukh Khan",
            "gender": "Male"
        },
        {
            "name": "Anushka Sharma",
            "gender": "Female"
        },
        {
            "name": "Vinay Pathak",
            "gender": "Male"
        }
    ],
    "director": {
        "name": "Aditya Chopra",
        "gender": "Male"
    },
    "female-led": false
}
