INFO:root:Skipping Jugnu
INFO:root:Skipping Do Bhai
INFO:root:Skipping Dard
INFO:root:Skipping Mirza Sahiban
INFO:root:Skipping Shehnai
INFO:root:Skipping Elaan
INFO:root:Skipping Parwana
INFO:root:Skipping Sajan
INFO:root:Skipping Neel Kamal
INFO:root:Skipping Shaheed
INFO:root:Skipping Chandralekha
INFO:root:Skipping Pyar Ki Jeet
INFO:root:Skipping Mela
INFO:root:Skipping Ziddi
INFO:root:Skipping Nadiya Ke Paar
INFO:root:Skipping Suhaag Raat
INFO:root:Skipping 11 O'Clock
INFO:root:Skipping Barsaat
INFO:root:Skipping Andaz
INFO:root:Skipping Mahal
INFO:root:Skipping Dillagi
INFO:root:Skipping Shabnam
INFO:root:Skipping Bari Behen
INFO:root:Skipping Patanga
INFO:root:Skipping Dulari
INFO:root:Skipping Singaar
INFO:root:Skipping Samadhi
INFO:root:Skipping Babul
INFO:root:Skipping Dastan
INFO:root:Skipping Jogan
INFO:root:Skipping Sangram
INFO:root:Skipping Beqasoor
INFO:root:Skipping Sargam
INFO:root:Skipping Arzoo
INFO:root:Skipping Aankhen
INFO:root:Skipping Awaara
INFO:root:Skipping Baazi
INFO:root:Skipping Albela
INFO:root:Skipping Deedar
INFO:root:Skipping Jadoo
INFO:root:Skipping Bahar
INFO:root:Skipping Baadal
INFO:root:Skipping Hum Log
INFO:root:Skipping Afsana
INFO:root:Skipping Aan
INFO:root:Skipping Baiju Bawra
INFO:root:Skipping Jaal
INFO:root:Skipping Daag
INFO:root:Skipping Anhonee
INFO:root:Skipping Anand Math
INFO:root:Skipping Sangdil
INFO:root:Skipping Maa
INFO:root:Skipping Bewafa
INFO:root:Skipping Aandhiyan
INFO:root:Skipping Anarkali
INFO:root:Skipping Ladki
INFO:root:Skipping Do Bigha Zamin
INFO:root:Skipping Parineeta
INFO:root:Skipping Footpath
INFO:root:Skipping Jhamela
INFO:root:Skipping Shikast
INFO:root:Skipping Aah
INFO:root:Skipping Rahi
INFO:root:Skipping Nagin
INFO:root:Skipping Nastik
INFO:root:Skipping Taxi Driver
INFO:root:Skipping Mirza Ghalib
INFO:root:Skipping Aar Paar
INFO:root:Skipping Jagriti
INFO:root:Skipping Shart
INFO:root:Skipping Boot Polish
INFO:root:Skipping Amar
INFO:root:Skipping Adhikar
INFO:root:Skipping Shree 420
INFO:root:Skipping Azaad
INFO:root:Skipping Jhanak Jhanak Payal Baje
INFO:root:Skipping Uran Khatola
INFO:root:Skipping Mr. & Mrs. '55
INFO:root:Skipping Insaniyat
INFO:root:Skipping Munimji
INFO:root:Skipping Seema
INFO:root:Skipping Devdas
INFO:root:Skipping C.I.D.
INFO:root:Skipping Ek Hi Raasta
INFO:root:Skipping Chori Chori
INFO:root:Skipping Basant Bahar
INFO:root:Skipping New Delhi
INFO:root:Skipping Raj Hath
INFO:root:Skipping Bhai-Bhai
INFO:root:Skipping Toofan Aur Diya
INFO:root:Skipping Funtoosh
INFO:root:Skipping Inspector
INFO:root:Skipping Mother India
INFO:root:Skipping Naya Daur
INFO:root:Skipping Pyaasa
INFO:root:Skipping Do Aankhen Barah Haath
INFO:root:Skipping Tumsa Nahin Dekha
INFO:root:Skipping Paying Guest
INFO:root:Skipping Aasha
INFO:root:Skipping Ek Saal
INFO:root:Skipping Sharada
INFO:root:Skipping Musafir
INFO:root:Skipping Madhumati
INFO:root:Skipping Chalti Ka Naam Gaadi
INFO:root:Skipping Yahudi
INFO:root:Skipping Phir Subah Hogi
INFO:root:Skipping Sadhna
INFO:root:Skipping Phagun
INFO:root:Skipping Parvarish
INFO:root:Skipping Kala Pani
INFO:root:Skipping Howrah Bridge
INFO:root:Skipping Dilli Ka Thug
INFO:root:Skipping Anari
INFO:root:Skipping Paigham
INFO:root:Skipping Navrang
INFO:root:Skipping Dhool Ka Phool
INFO:root:Skipping Goonj Uthi Shehnai
INFO:root:Skipping Dil Deke Dekho
INFO:root:Skipping Sujata
INFO:root:Skipping Chhoti Bahen
INFO:root:Skipping Do Ustad
INFO:root:Skipping Chirag Kahan Roshni Kahan
INFO:root:Skipping Mughal-e-Azam
INFO:root:Skipping Barsaat Ki Raat
INFO:root:Skipping Kohinoor
INFO:root:Skipping Chaudhvin Ka Chand
INFO:root:Skipping Jis Desh Mein Ganga Behti Hai
INFO:root:Skipping Dil Apna Aur Preet Parayi
INFO:root:Skipping Love in Simla
INFO:root:Skipping Ghunghat
INFO:root:Skipping Kanoon
INFO:root:Skipping Kala Bazar
INFO:root:Skipping Gunga Jumna
INFO:root:Skipping Junglee
INFO:root:Skipping Gharana
INFO:root:Skipping Aas Ka Panchhi
INFO:root:Skipping Jab Pyar Kisi Se Hota Hai
INFO:root:Skipping Sasural
INFO:root:Skipping Hum Dono
INFO:root:Skipping Kabuliwala
INFO:root:Skipping Zindagi aur Khwab
INFO:root:Skipping Shola Aur Shabnam
INFO:root:Skipping Bees Saal Baad
INFO:root:Skipping Ek Musafir Ek Haseena
INFO:root:Skipping Professor
INFO:root:Skipping Hariyali Aur Raasta
INFO:root:Skipping Asli-Naqli
INFO:root:Skipping Dil Tera Diwana
INFO:root:Skipping Anpadh
INFO:root:Skipping Aarti
INFO:root:Skipping China Town
INFO:root:Skipping Sangeet Samrat Tansen
INFO:root:Skipping Mere Mehboob
INFO:root:Skipping Taj Mahal
INFO:root:Skipping Phir Wohi Dil Laya Hoon
INFO:root:Skipping Gumrah
INFO:root:Skipping Dil Ek Mandir
INFO:root:Skipping Tere Ghar Ke Samne
INFO:root:Skipping Shikari
INFO:root:Skipping Mujhe Jeene Do
INFO:root:Skipping Gehra Daag
INFO:root:Skipping Bandini
INFO:root:Skipping Sangam
INFO:root:Skipping Ayee Milan Ki Bela
INFO:root:Skipping Dosti
INFO:root:Skipping Ziddi
INFO:root:Skipping Rajkumar
INFO:root:Skipping Kashmir Ki Kali
INFO:root:Skipping Haqeeqat
INFO:root:Skipping Zindagi
INFO:root:Skipping Woh Kaun Thi
INFO:root:Skipping April Fool
INFO:root:Skipping Waqt
INFO:root:Skipping Jab Jab Phool Khile
INFO:root:Skipping Himalay Ki God Mein
INFO:root:Skipping Arzoo
INFO:root:Skipping Guide
INFO:root:Skipping Khandan
INFO:root:Skipping Janwar
INFO:root:Skipping Gumnaam
INFO:root:Skipping Mere Sanam
INFO:root:Skipping Shaheed
INFO:root:Skipping Phool Aur Patthar
INFO:root:Skipping Suraj
INFO:root:Skipping Mera Saaya
INFO:root:Skipping Teesri Manzil
INFO:root:Skipping Love in Tokyo
INFO:root:Skipping Do Badan
INFO:root:Skipping Aaye Din Bahar Ke
INFO:root:Skipping Sawan Ki Ghata
INFO:root:Skipping Pyar Kiye Jaa
INFO:root:Skipping Dus Lakh
INFO:root:Skipping Upkar
INFO:root:Skipping Ram Aur Shyam
INFO:root:Skipping Farz
INFO:root:Skipping Hamraaz
INFO:root:Skipping Shagird
INFO:root:Skipping Jewel Thief
INFO:root:Skipping Milan
INFO:root:Skipping An Evening in Paris
INFO:root:Skipping Patthar Ke Sanam
INFO:root:Skipping Raat Aur Din
INFO:root:Skipping Ankhen
INFO:root:Skipping Do Kaliyaan
INFO:root:Skipping Neel Kamal
INFO:root:Skipping Kanyadaan
INFO:root:Skipping Shikar
INFO:root:Skipping Padosan
INFO:root:Skipping Brahmachari
INFO:root:Skipping Aadmi
INFO:root:Skipping Haseena Maan Jayegi
INFO:root:Skipping Duniya
INFO:root:Skipping Aradhana
INFO:root:Skipping Do Raaste
INFO:root:Skipping Ek Phool Do Mali
INFO:root:Skipping Prince
INFO:root:Skipping Intaqam
INFO:root:Skipping Jeene Ki Raah
INFO:root:Skipping Aya Sawan Jhoom Ke
INFO:root:Skipping Bandhan
INFO:root:Skipping Sajan
INFO:root:Skipping Waris (1969 film)
INFO:root:Skipping Johny Mera Naam
INFO:root:Skipping Sachaa Jhutha
INFO:root:Skipping Aan Milo Sajna
INFO:root:Skipping Purab Aur Paschim
INFO:root:Skipping Jeevan Mrityu
INFO:root:Skipping Khilona
INFO:root:Skipping Sharafat
INFO:root:Skipping Humjoli
INFO:root:Skipping Safar
INFO:root:Skipping Tum Haseen Main Jawaan
INFO:root:Skipping Haathi Mere Saathi
INFO:root:Skipping Mera Gaon Mera Desh
INFO:root:Skipping Dushman
INFO:root:Skipping Maryada
INFO:root:Skipping Andaz
INFO:root:Skipping Kati Patang
INFO:root:Skipping Hare Rama Hare Krishna
INFO:root:Skipping Caravan
INFO:root:Skipping Mela
INFO:root:Skipping Mehboob Ki Mehndi
INFO:root:Skipping Seeta Aur Geeta
INFO:root:Skipping Pakeezah
INFO:root:Skipping Raja Jani
INFO:root:Skipping Be-Imaan
INFO:root:Skipping Gora Aur Kala
INFO:root:Skipping Apna Desh
INFO:root:Skipping Victoria No. 203
INFO:root:Skipping Jawani Diwani
INFO:root:Skipping Samadhi
INFO:root:Skipping Bawarchi
INFO:root:Skipping Bobby
INFO:root:Skipping Jugnu
INFO:root:Skipping Daag
INFO:root:Skipping Zanjeer
INFO:root:Skipping Yaadon Ki Baaraat
INFO:root:Skipping Kahani Kismat Ki
INFO:root:Skipping Loafer
INFO:root:Skipping Dharma
INFO:root:Skipping Heera
INFO:root:Skipping Aa Gale Lag Jaa
INFO:root:Skipping Roti Kapda Aur Makaan
INFO:root:Skipping Chor Machaye Shor
INFO:root:Skipping Dost
INFO:root:Skipping Prem Nagar
INFO:root:Skipping Bidaai
INFO:root:Skipping Amir Garib
INFO:root:Skipping Roti
INFO:root:Skipping Patthar Aur Payal
INFO:root:Skipping Aap Ki Kasam
INFO:root:Skipping Haath Ki Safai
INFO:root:Skipping Sholay
INFO:root:Skipping Dharmatma
INFO:root:Skipping Jai Santoshi Maa
INFO:root:Skipping Deewaar
INFO:root:Skipping Sanyasi
INFO:root:Skipping Pratigya
INFO:root:Skipping Khel Khel Mein
INFO:root:Skipping Warrant
INFO:root:Skipping Rafoo Chakkar
INFO:root:Skipping Chori Mera Kaam
INFO:root:Skipping Nagin
INFO:root:Skipping Laila Majnu
INFO:root:Skipping Dus Numbri
INFO:root:Skipping Hera Pheri
INFO:root:Skipping Charas
INFO:root:Skipping Fakira
INFO:root:Skipping Kalicharan
INFO:root:Skipping Kabhie Kabhie
INFO:root:Skipping Maa
INFO:root:Skipping Do Anjaane
INFO:root:Skipping Amar Akbar Anthony
INFO:root:Skipping Dharam Veer
INFO:root:Skipping Hum Kisise Kum Naheen
INFO:root:Skipping Parvarish
INFO:root:Skipping Chacha Bhatija
INFO:root:Skipping Khoon Pasina
INFO:root:Skipping Apnapan
INFO:root:Skipping Adalat
INFO:root:Skipping Inkaar
INFO:root:Skipping Dulhan Wahi Jo Piya Man Bhaye
INFO:root:Skipping Muqaddar Ka Sikandar
INFO:root:Skipping Trishul
INFO:root:Skipping Don
INFO:root:Skipping Azaad
INFO:root:Skipping Main Tulsi Tere Aangan Ki
INFO:root:Skipping Swarg Narak
INFO:root:Skipping Kasme Vaade
INFO:root:Skipping Ganga Ki Saugandh
INFO:root:Skipping Satyam Shivam Sundaram
INFO:root:Skipping Phandebaaz
INFO:root:Skipping Suhaag
INFO:root:Skipping Jaani Dushman
INFO:root:Skipping Sargam
INFO:root:Skipping Mr. Natwarlal
INFO:root:Skipping Kaala Patthar
INFO:root:Skipping Gol Maal
INFO:root:Skipping Noorie
INFO:root:Skipping Kartavya
INFO:root:Skipping Surakshaa
INFO:root:Skipping Khandaan
INFO:root:Skipping Qurbani
INFO:root:Skipping Aasha
INFO:root:Skipping Ram Balram
INFO:root:Skipping Dostana
INFO:root:Skipping Shaan
INFO:root:Skipping Jyoti Bane Jwala
INFO:root:Skipping The Burning Train
INFO:root:Skipping Ali Baba Aur 40 Chor
INFO:root:Skipping Karz
INFO:root:Skipping Judaai
INFO:root:Skipping Kranti
INFO:root:Skipping Naseeb
INFO:root:Skipping Meri Aawaz Suno
INFO:root:Skipping Laawaris
INFO:root:Skipping Love Story
INFO:root:Skipping Ek Duuje Ke Liye
INFO:root:Skipping Katilon Ke Kaatil
INFO:root:Skipping Kaalia
INFO:root:Skipping Yaarana
INFO:root:Skipping Rocky
INFO:root:Skipping Vidhaata
INFO:root:Skipping Prem Rog
INFO:root:Skipping Namak Halaal
INFO:root:Skipping Khud-Daar
INFO:root:Skipping Farz Aur Kanoon
INFO:root:Skipping Nikaah
INFO:root:Skipping Satte Pe Satta
INFO:root:Skipping Shakti
INFO:root:Skipping Rajput
INFO:root:Skipping Desh Premee
INFO:root:Skipping Coolie
INFO:root:Skipping Betaab
INFO:root:Skipping Hero
INFO:root:Skipping Himmatwala
INFO:root:Skipping Andha Kanoon
INFO:root:Skipping Mawaali
INFO:root:Skipping Naukar Biwi Ka
INFO:root:Skipping Justice Chaudhury
INFO:root:Skipping Mahaan
INFO:root:Skipping Jaani Dost
INFO:root:Skipping Tohfa
INFO:root:Skipping Maqsad
INFO:root:Skipping Sharaabi
INFO:root:Skipping Dharm Aur Qanoon
INFO:root:Skipping Raaj Tilak
INFO:root:Skipping Awaaz
INFO:root:Skipping Aaj Ki Awaaz
INFO:root:Skipping Kasam Paida Karne Wale Ki
INFO:root:Skipping Jeene Nahi Doonga
INFO:root:Skipping Naya Kadam
INFO:root:Skipping Ram Teri Ganga Maili
INFO:root:Skipping Mard
INFO:root:Skipping Geraftaar
INFO:root:Skipping Pyar Jhukta Nahin
INFO:root:Skipping Ghulami
INFO:root:Skipping Arjun
INFO:root:Skipping Meri Jung
INFO:root:Skipping Sanjog
INFO:root:Skipping Aandhi-Toofan
INFO:root:Skipping Hoshiyar
INFO:root:Skipping Karma
INFO:root:Skipping Nagina
INFO:root:Skipping Aakhree Raasta
INFO:root:Skipping Swarag Se Sunder
INFO:root:Skipping Janbaaz
INFO:root:Skipping Naam
INFO:root:Skipping Ilzaam
INFO:root:Skipping Chameli Ki Shaadi
INFO:root:Skipping Amrit
INFO:root:Skipping Love 86
INFO:root:Skipping Hukumat
INFO:root:Skipping Mr. India
INFO:root:Skipping Khudgarz
INFO:root:Skipping Jalwa
INFO:root:Skipping Satyamev Jayate
INFO:root:Skipping Sindoor
INFO:root:Skipping Tezaab
INFO:root:Skipping Qayamat Se Qayamat Tak
INFO:root:Skipping Shahenshah
INFO:root:Skipping Paap Ki Duniya
INFO:root:Skipping Khoon Bhari Maang
INFO:root:Skipping Waqt Ki Awaz
INFO:root:Skipping Pyaar Ka Mandir
INFO:root:Skipping Dayavan
INFO:root:Skipping Maine Pyar Kiya
INFO:root:Skipping Ram Lakhan
INFO:root:Skipping Chandni
INFO:root:Skipping Tridev
INFO:root:Skipping ChaalBaaz
INFO:root:Skipping Elaan-E-Jung
INFO:root:Skipping Daata
INFO:root:Skipping Batwara
INFO:root:Skipping Parinda
INFO:root:Skipping Toofan
INFO:root:Skipping Dil
INFO:root:Skipping Ghayal
INFO:root:Skipping Aaj Ka Arjun
INFO:root:Skipping Kishen Kanhaiya
INFO:root:Skipping Baaghi
INFO:root:Skipping Thanedaar
INFO:root:Skipping Aashiqui
INFO:root:Skipping Swarg
INFO:root:Skipping Baap Numbri Beta Dus Numbri
INFO:root:Skipping Ghar Ho To Aisa
INFO:root:Skipping Saajan
INFO:root:Skipping Saudagar
INFO:root:Skipping Hum
INFO:root:Skipping Yodha
INFO:root:Skipping Phool Aur Kaante
INFO:root:Skipping Sadak
INFO:root:Skipping Akayla
INFO:root:Skipping Henna
INFO:root:Skipping Kurbaan
INFO:root:Skipping Lamhe
INFO:root:Skipping Beta
INFO:root:Skipping Deewana
INFO:root:Skipping Khuda Gawah
INFO:root:Skipping Shola Aur Shabnam
INFO:root:Skipping Tahalka
INFO:root:Skipping Aankhen
INFO:root:Skipping Khal Nayak
INFO:root:Skipping Darr
INFO:root:Skipping Baazigar
INFO:root:Skipping Gumrah
INFO:root:Skipping Damini
INFO:root:Skipping Anari
INFO:root:Skipping Dalaal
INFO:root:Skipping Lootere
INFO:root:Skipping Hum Hain Rahi Pyar Ke
INFO:root:Skipping Hum Aapke Hain Koun..!
INFO:root:Skipping Mohra
INFO:root:Skipping Krantiveer
INFO:root:Skipping Raja Babu
INFO:root:Skipping Main Khiladi Tu Anari
INFO:root:Skipping Yeh Dillagi
INFO:root:Skipping Laadla
INFO:root:Skipping Suhaag
INFO:root:Skipping Dilwale
INFO:root:Skipping Vijaypath
INFO:root:Skipping Dilwale Dulhania Le Jayenge
INFO:root:Skipping Karan Arjun
INFO:root:Skipping Raja
INFO:root:Skipping Barsaat
INFO:root:Skipping Rangeela
INFO:root:Skipping Coolie No. 1
INFO:root:Skipping Sabse Bada Khiladi
INFO:root:Skipping Trimurti
INFO:root:Skipping Ram Jaane
INFO:root:Skipping Akele Hum Akele Tum
INFO:root:Skipping Raja Hindustani
INFO:root:Skipping Agni Sakshi
INFO:root:Skipping Jeet
INFO:root:Skipping Ghatak
INFO:root:Skipping Khiladiyon Ka Khiladi
INFO:root:Skipping Saajan Chale Sasural
INFO:root:Skipping Bandit Queen
INFO:root:Skipping Jaan
INFO:root:Skipping Ajay
INFO:root:Skipping Diljale
INFO:root:Skipping Border
INFO:root:Skipping Dil To Pagal Hai
INFO:root:Skipping Ishq
INFO:root:Skipping Pardes
INFO:root:Skipping Gupt: The Hidden Truth
INFO:root:Skipping Ziddi
INFO:root:Skipping Hero No. 1
INFO:root:Skipping Judaai
INFO:root:Skipping Koyla
INFO:root:Skipping Deewana Mastana
INFO:root:Skipping Kuch Kuch Hota Hai
INFO:root:Skipping Soldier
INFO:root:Skipping Pyaar To Hona Hi Tha
INFO:root:Skipping Bade Miyan Chote Miyan
INFO:root:Skipping Pyaar Kiya To Darna Kya
INFO:root:Skipping Dil Se..
INFO:root:Skipping Ghulam
INFO:root:Skipping Major Saab
INFO:root:Skipping Dulhe Raja
INFO:root:Skipping China Gate
INFO:root:Skipping Hum Saath-Saath Hain
INFO:root:Skipping Biwi No.1
INFO:root:Skipping Hum Dil De Chuke Sanam
INFO:root:Skipping Taal
INFO:root:Skipping Hum Aapke Dil Mein Rehte Hain
INFO:root:Skipping Sarfarosh
INFO:root:Skipping Baadshah
INFO:root:Skipping Mann
INFO:root:Skipping Kachche Dhaage
INFO:root:Skipping Haseena Maan Jaayegi
INFO:root:Skipping Mohabbatein
INFO:root:Skipping Kaho Naa... Pyaar Hai
INFO:root:Skipping Mission Kashmir
INFO:root:Skipping Dulhan Hum Le Jayenge
INFO:root:Skipping Refugee
INFO:root:Skipping Josh
INFO:root:Skipping Har Dil Jo Pyar Karega
INFO:root:Skipping Fiza
INFO:root:Skipping Hamara Dil Aapke Paas Hai
INFO:root:Skipping Dhadkan
INFO:root:Skipping Kabhi Khushi Kabhie Gham...
INFO:root:Skipping Gadar: Ek Prem Katha
INFO:root:Skipping Lagaan
INFO:root:Skipping Indian
INFO:root:Skipping Dil Chahta Hai
INFO:root:Skipping Chori Chori Chupke Chupke
INFO:root:Skipping Ek Rishtaa: The Bond of Love
INFO:root:Skipping Yaadein
INFO:root:Skipping Lajja
INFO:root:Skipping Jodi No.1
INFO:root:Skipping Devdas
INFO:root:Skipping Kaante
INFO:root:Skipping Raaz
INFO:root:Skipping Hum Tumhare Hain Sanam
INFO:root:Skipping Aankhen
INFO:root:Skipping Mujhse Dosti Karoge!
INFO:root:Skipping Humraaz
INFO:root:Skipping Saathiya
INFO:root:Skipping Awara Paagal Deewana
INFO:root:Skipping Company
INFO:root:Skipping Kal Ho Naa Ho
INFO:root:Skipping Koi... Mil Gaya
INFO:root:Skipping The Hero: Love Story of a Spy
INFO:root:Skipping Chalte Chalte
INFO:root:Skipping Baghban
INFO:root:Skipping Main Prem Ki Diwani Hoon
INFO:root:Skipping Munna Bhai M.B.B.S.
INFO:root:Skipping LOC: Kargil
INFO:root:Skipping Andaaz
INFO:root:Skipping Qayamat: City Under Threat
INFO:root:Skipping Veer-Zaara
INFO:root:Skipping Main Hoon Na
INFO:root:Skipping Dhoom
INFO:root:Skipping Mujhse Shaadi Karogi
INFO:root:Skipping Khakee
INFO:root:Skipping Hum Tum
INFO:root:Skipping Swades
INFO:root:Skipping Murder
INFO:root:Skipping Hulchul
INFO:root:Skipping Aitraaz
INFO:root:Skipping No Entry
INFO:root:Skipping Bunty Aur Babli
INFO:root:Skipping Salaam Namaste
INFO:root:Skipping Garam Masala
INFO:root:Skipping Mangal Pandey: The Rising
INFO:root:Skipping Maine Pyaar Kyun Kiya?
INFO:root:Skipping Waqt: The Race Against Time
INFO:root:Skipping Black
INFO:root:Skipping Sarkar
INFO:root:Skipping Dus
INFO:root:Skipping Dhoom 2
INFO:root:Skipping Krrish
INFO:root:Skipping Lage Raho Munna Bhai
INFO:root:Skipping Kabhi Alvida Naa Kehna
INFO:root:Skipping Don
INFO:root:Skipping Fanaa
INFO:root:Skipping Rang De Basanti
INFO:root:Skipping Phir Hera Pheri
INFO:root:Skipping Bhagam Bhag
INFO:root:Skipping Vivah
INFO:root:Skipping Om Shanti Om
INFO:root:Skipping Welcome
INFO:root:Skipping Partner
INFO:root:Skipping Chak De! India
INFO:root:Skipping Taare Zameen Par
INFO:root:Skipping Heyy Babyy
INFO:root:Skipping Guru
INFO:root:Skipping Bhool Bhulaiyaa
INFO:root:Skipping Namastey London
INFO:root:Skipping Ta Ra Rum Pum
INFO:root:Skipping Ghajini
INFO:root:Warning: truncating paras for Rab Ne Bana Di Jodi from 1508 down to 1000
INFO:root:Processed Rab Ne Bana Di Jodi
INFO:root:Skipping Jugnu
INFO:root:Skipping Do Bhai
INFO:root:Skipping Dard
INFO:root:Skipping Mirza Sahiban
INFO:root:Skipping Shehnai
INFO:root:Skipping Elaan
INFO:root:Skipping Parwana
INFO:root:Skipping Sajan
INFO:root:Skipping Neel Kamal
INFO:root:Skipping Shaheed
INFO:root:Skipping Chandralekha
INFO:root:Skipping Pyar Ki Jeet
INFO:root:Skipping Mela
INFO:root:Skipping Ziddi
INFO:root:Skipping Nadiya Ke Paar
INFO:root:Skipping Suhaag Raat
INFO:root:Skipping 11 O'Clock
INFO:root:Skipping Barsaat
INFO:root:Skipping Andaz
INFO:root:Skipping Mahal
INFO:root:Skipping Dillagi
INFO:root:Skipping Shabnam
INFO:root:Skipping Bari Behen
INFO:root:Skipping Patanga
INFO:root:Skipping Dulari
INFO:root:Skipping Singaar
INFO:root:Skipping Samadhi
INFO:root:Skipping Babul
INFO:root:Skipping Dastan
INFO:root:Skipping Jogan
INFO:root:Skipping Sangram
INFO:root:Skipping Beqasoor
INFO:root:Skipping Sargam
INFO:root:Skipping Arzoo
INFO:root:Skipping Aankhen
INFO:root:Skipping Awaara
INFO:root:Skipping Baazi
INFO:root:Skipping Albela
INFO:root:Skipping Deedar
INFO:root:Skipping Jadoo
INFO:root:Skipping Bahar
INFO:root:Skipping Baadal
INFO:root:Skipping Hum Log
INFO:root:Skipping Afsana
INFO:root:Skipping Aan
INFO:root:Skipping Baiju Bawra
INFO:root:Skipping Jaal
INFO:root:Skipping Daag
INFO:root:Skipping Anhonee
INFO:root:Skipping Anand Math
INFO:root:Skipping Sangdil
INFO:root:Skipping Maa
INFO:root:Skipping Bewafa
INFO:root:Skipping Aandhiyan
INFO:root:Skipping Anarkali
INFO:root:Skipping Ladki
INFO:root:Skipping Do Bigha Zamin
INFO:root:Skipping Parineeta
INFO:root:Skipping Footpath
INFO:root:Skipping Jhamela
INFO:root:Skipping Shikast
INFO:root:Skipping Aah
INFO:root:Skipping Rahi
INFO:root:Skipping Nagin
INFO:root:Skipping Nastik
INFO:root:Skipping Taxi Driver
INFO:root:Skipping Mirza Ghalib
INFO:root:Skipping Aar Paar
INFO:root:Skipping Jagriti
INFO:root:Skipping Shart
INFO:root:Skipping Boot Polish
INFO:root:Skipping Amar
INFO:root:Skipping Adhikar
INFO:root:Skipping Shree 420
INFO:root:Skipping Azaad
INFO:root:Skipping Jhanak Jhanak Payal Baje
INFO:root:Skipping Uran Khatola
INFO:root:Skipping Mr. & Mrs. '55
INFO:root:Skipping Insaniyat
INFO:root:Skipping Munimji
INFO:root:Skipping Seema
INFO:root:Skipping Devdas
INFO:root:Skipping C.I.D.
INFO:root:Skipping Ek Hi Raasta
INFO:root:Skipping Chori Chori
INFO:root:Skipping Basant Bahar
INFO:root:Skipping New Delhi
INFO:root:Skipping Raj Hath
INFO:root:Skipping Bhai-Bhai
INFO:root:Skipping Toofan Aur Diya
INFO:root:Skipping Funtoosh
INFO:root:Skipping Inspector
INFO:root:Skipping Mother India
INFO:root:Skipping Naya Daur
INFO:root:Skipping Pyaasa
INFO:root:Skipping Do Aankhen Barah Haath
INFO:root:Skipping Tumsa Nahin Dekha
INFO:root:Skipping Paying Guest
INFO:root:Skipping Aasha
INFO:root:Skipping Ek Saal
INFO:root:Skipping Sharada
INFO:root:Skipping Musafir
INFO:root:Skipping Madhumati
INFO:root:Skipping Chalti Ka Naam Gaadi
INFO:root:Skipping Yahudi
INFO:root:Skipping Phir Subah Hogi
INFO:root:Skipping Sadhna
INFO:root:Skipping Phagun
INFO:root:Skipping Parvarish
INFO:root:Skipping Kala Pani
INFO:root:Skipping Howrah Bridge
INFO:root:Skipping Dilli Ka Thug
INFO:root:Skipping Anari
INFO:root:Skipping Paigham
INFO:root:Skipping Navrang
INFO:root:Skipping Dhool Ka Phool
INFO:root:Skipping Goonj Uthi Shehnai
INFO:root:Skipping Dil Deke Dekho
INFO:root:Skipping Sujata
INFO:root:Skipping Chhoti Bahen
INFO:root:Skipping Do Ustad
INFO:root:Skipping Chirag Kahan Roshni Kahan
INFO:root:Skipping Mughal-e-Azam
INFO:root:Skipping Barsaat Ki Raat
INFO:root:Skipping Kohinoor
INFO:root:Skipping Chaudhvin Ka Chand
INFO:root:Skipping Jis Desh Mein Ganga Behti Hai
INFO:root:Skipping Dil Apna Aur Preet Parayi
INFO:root:Skipping Love in Simla
INFO:root:Skipping Ghunghat
INFO:root:Skipping Kanoon
INFO:root:Skipping Kala Bazar
INFO:root:Skipping Gunga Jumna
INFO:root:Skipping Junglee
INFO:root:Skipping Gharana
INFO:root:Skipping Aas Ka Panchhi
INFO:root:Skipping Jab Pyar Kisi Se Hota Hai
INFO:root:Skipping Sasural
INFO:root:Skipping Hum Dono
INFO:root:Skipping Kabuliwala
INFO:root:Skipping Zindagi aur Khwab
INFO:root:Skipping Shola Aur Shabnam
INFO:root:Skipping Bees Saal Baad
INFO:root:Skipping Ek Musafir Ek Haseena
INFO:root:Skipping Professor
INFO:root:Skipping Hariyali Aur Raasta
INFO:root:Skipping Asli-Naqli
INFO:root:Skipping Dil Tera Diwana
INFO:root:Skipping Anpadh
INFO:root:Skipping Aarti
INFO:root:Skipping China Town
INFO:root:Skipping Sangeet Samrat Tansen
INFO:root:Skipping Mere Mehboob
INFO:root:Skipping Taj Mahal
INFO:root:Skipping Phir Wohi Dil Laya Hoon
INFO:root:Skipping Gumrah
INFO:root:Skipping Dil Ek Mandir
INFO:root:Skipping Tere Ghar Ke Samne
INFO:root:Skipping Shikari
INFO:root:Skipping Mujhe Jeene Do
INFO:root:Skipping Gehra Daag
INFO:root:Skipping Bandini
INFO:root:Skipping Sangam
INFO:root:Skipping Ayee Milan Ki Bela
INFO:root:Skipping Dosti
INFO:root:Skipping Ziddi
INFO:root:Skipping Rajkumar
INFO:root:Skipping Kashmir Ki Kali
INFO:root:Skipping Haqeeqat
INFO:root:Skipping Zindagi
INFO:root:Skipping Woh Kaun Thi
INFO:root:Skipping April Fool
INFO:root:Skipping Waqt
INFO:root:Skipping Jab Jab Phool Khile
INFO:root:Skipping Himalay Ki God Mein
INFO:root:Skipping Arzoo
INFO:root:Skipping Guide
INFO:root:Skipping Khandan
INFO:root:Skipping Janwar
INFO:root:Skipping Gumnaam
INFO:root:Skipping Mere Sanam
INFO:root:Skipping Shaheed
INFO:root:Skipping Phool Aur Patthar
INFO:root:Skipping Suraj
INFO:root:Skipping Mera Saaya
INFO:root:Skipping Teesri Manzil
INFO:root:Skipping Love in Tokyo
INFO:root:Skipping Do Badan
INFO:root:Skipping Aaye Din Bahar Ke
INFO:root:Skipping Sawan Ki Ghata
INFO:root:Skipping Pyar Kiye Jaa
INFO:root:Skipping Dus Lakh
INFO:root:Skipping Upkar
INFO:root:Skipping Ram Aur Shyam
INFO:root:Skipping Farz
INFO:root:Skipping Hamraaz
INFO:root:Skipping Shagird
INFO:root:Skipping Jewel Thief
INFO:root:Skipping Milan
INFO:root:Skipping An Evening in Paris
INFO:root:Skipping Patthar Ke Sanam
INFO:root:Skipping Raat Aur Din
INFO:root:Skipping Ankhen
INFO:root:Skipping Do Kaliyaan
INFO:root:Skipping Neel Kamal
INFO:root:Skipping Kanyadaan
INFO:root:Skipping Shikar
INFO:root:Skipping Padosan
INFO:root:Skipping Brahmachari
INFO:root:Skipping Aadmi
INFO:root:Skipping Haseena Maan Jayegi
INFO:root:Skipping Duniya
INFO:root:Skipping Aradhana
INFO:root:Skipping Do Raaste
INFO:root:Skipping Ek Phool Do Mali
INFO:root:Skipping Prince
INFO:root:Skipping Intaqam
INFO:root:Skipping Jeene Ki Raah
INFO:root:Skipping Aya Sawan Jhoom Ke
INFO:root:Skipping Bandhan
INFO:root:Skipping Sajan
INFO:root:Skipping Waris (1969 film)
INFO:root:Skipping Johny Mera Naam
INFO:root:Skipping Sachaa Jhutha
INFO:root:Skipping Aan Milo Sajna
INFO:root:Skipping Purab Aur Paschim
INFO:root:Skipping Jeevan Mrityu
INFO:root:Skipping Khilona
INFO:root:Skipping Sharafat
INFO:root:Skipping Humjoli
INFO:root:Skipping Safar
INFO:root:Skipping Tum Haseen Main Jawaan
INFO:root:Skipping Haathi Mere Saathi
INFO:root:Skipping Mera Gaon Mera Desh
INFO:root:Skipping Dushman
INFO:root:Skipping Maryada
INFO:root:Skipping Andaz
INFO:root:Skipping Kati Patang
INFO:root:Skipping Hare Rama Hare Krishna
INFO:root:Skipping Caravan
INFO:root:Skipping Mela
INFO:root:Skipping Mehboob Ki Mehndi
INFO:root:Skipping Seeta Aur Geeta
INFO:root:Skipping Pakeezah
INFO:root:Skipping Raja Jani
INFO:root:Skipping Be-Imaan
INFO:root:Skipping Gora Aur Kala
INFO:root:Skipping Apna Desh
INFO:root:Skipping Victoria No. 203
INFO:root:Skipping Jawani Diwani
INFO:root:Skipping Samadhi
INFO:root:Skipping Bawarchi
INFO:root:Skipping Bobby
INFO:root:Skipping Jugnu
INFO:root:Skipping Daag
INFO:root:Skipping Zanjeer
INFO:root:Skipping Yaadon Ki Baaraat
INFO:root:Skipping Kahani Kismat Ki
INFO:root:Skipping Loafer
INFO:root:Skipping Dharma
INFO:root:Skipping Heera
INFO:root:Skipping Aa Gale Lag Jaa
INFO:root:Skipping Roti Kapda Aur Makaan
INFO:root:Skipping Chor Machaye Shor
INFO:root:Skipping Dost
INFO:root:Skipping Prem Nagar
INFO:root:Skipping Bidaai
INFO:root:Skipping Amir Garib
INFO:root:Skipping Roti
INFO:root:Skipping Patthar Aur Payal
INFO:root:Skipping Aap Ki Kasam
INFO:root:Skipping Haath Ki Safai
INFO:root:Skipping Sholay
INFO:root:Skipping Dharmatma
INFO:root:Skipping Jai Santoshi Maa
INFO:root:Skipping Deewaar
INFO:root:Skipping Sanyasi
INFO:root:Skipping Pratigya
INFO:root:Skipping Khel Khel Mein
INFO:root:Skipping Warrant
INFO:root:Skipping Rafoo Chakkar
INFO:root:Skipping Chori Mera Kaam
INFO:root:Skipping Nagin
INFO:root:Skipping Laila Majnu
INFO:root:Skipping Dus Numbri
INFO:root:Skipping Hera Pheri
INFO:root:Skipping Charas
INFO:root:Skipping Fakira
INFO:root:Skipping Kalicharan
INFO:root:Skipping Kabhie Kabhie
INFO:root:Skipping Maa
INFO:root:Skipping Do Anjaane
INFO:root:Skipping Amar Akbar Anthony
INFO:root:Skipping Dharam Veer
INFO:root:Skipping Hum Kisise Kum Naheen
INFO:root:Skipping Parvarish
INFO:root:Skipping Chacha Bhatija
INFO:root:Skipping Khoon Pasina
INFO:root:Skipping Apnapan
INFO:root:Skipping Adalat
INFO:root:Skipping Inkaar
INFO:root:Skipping Dulhan Wahi Jo Piya Man Bhaye
INFO:root:Skipping Muqaddar Ka Sikandar
INFO:root:Skipping Trishul
INFO:root:Skipping Don
INFO:root:Skipping Azaad
INFO:root:Skipping Main Tulsi Tere Aangan Ki
INFO:root:Skipping Swarg Narak
INFO:root:Skipping Kasme Vaade
INFO:root:Skipping Ganga Ki Saugandh
INFO:root:Skipping Satyam Shivam Sundaram
INFO:root:Skipping Phandebaaz
INFO:root:Skipping Suhaag
INFO:root:Skipping Jaani Dushman
INFO:root:Skipping Sargam
INFO:root:Skipping Mr. Natwarlal
INFO:root:Skipping Kaala Patthar
INFO:root:Skipping Gol Maal
INFO:root:Skipping Noorie
INFO:root:Skipping Kartavya
INFO:root:Skipping Surakshaa
INFO:root:Skipping Khandaan
INFO:root:Skipping Qurbani
INFO:root:Skipping Aasha
INFO:root:Skipping Ram Balram
INFO:root:Skipping Dostana
INFO:root:Skipping Shaan
INFO:root:Skipping Jyoti Bane Jwala
INFO:root:Skipping The Burning Train
INFO:root:Skipping Ali Baba Aur 40 Chor
INFO:root:Skipping Karz
INFO:root:Skipping Judaai
INFO:root:Skipping Kranti
INFO:root:Skipping Naseeb
INFO:root:Skipping Meri Aawaz Suno
INFO:root:Skipping Laawaris
INFO:root:Skipping Love Story
INFO:root:Skipping Ek Duuje Ke Liye
INFO:root:Skipping Katilon Ke Kaatil
INFO:root:Skipping Kaalia
INFO:root:Skipping Yaarana
INFO:root:Skipping Rocky
INFO:root:Skipping Vidhaata
INFO:root:Skipping Prem Rog
INFO:root:Skipping Namak Halaal
INFO:root:Skipping Khud-Daar
INFO:root:Skipping Farz Aur Kanoon
INFO:root:Skipping Nikaah
INFO:root:Skipping Satte Pe Satta
INFO:root:Skipping Shakti
INFO:root:Skipping Rajput
INFO:root:Skipping Desh Premee
INFO:root:Skipping Coolie
INFO:root:Skipping Betaab
INFO:root:Skipping Hero
INFO:root:Skipping Himmatwala
INFO:root:Skipping Andha Kanoon
INFO:root:Skipping Mawaali
INFO:root:Skipping Naukar Biwi Ka
INFO:root:Skipping Justice Chaudhury
INFO:root:Skipping Mahaan
INFO:root:Skipping Jaani Dost
INFO:root:Skipping Tohfa
INFO:root:Skipping Maqsad
INFO:root:Skipping Sharaabi
INFO:root:Skipping Dharm Aur Qanoon
INFO:root:Skipping Raaj Tilak
INFO:root:Skipping Awaaz
INFO:root:Skipping Aaj Ki Awaaz
INFO:root:Skipping Kasam Paida Karne Wale Ki
INFO:root:Skipping Jeene Nahi Doonga
INFO:root:Skipping Naya Kadam
INFO:root:Skipping Ram Teri Ganga Maili
INFO:root:Skipping Mard
INFO:root:Skipping Geraftaar
INFO:root:Skipping Pyar Jhukta Nahin
INFO:root:Skipping Ghulami
INFO:root:Skipping Arjun
INFO:root:Skipping Meri Jung
INFO:root:Skipping Sanjog
INFO:root:Skipping Aandhi-Toofan
INFO:root:Skipping Hoshiyar
INFO:root:Skipping Karma
INFO:root:Skipping Nagina
INFO:root:Skipping Aakhree Raasta
INFO:root:Skipping Swarag Se Sunder
INFO:root:Skipping Janbaaz
INFO:root:Skipping Naam
INFO:root:Skipping Ilzaam
INFO:root:Skipping Chameli Ki Shaadi
INFO:root:Skipping Amrit
INFO:root:Skipping Love 86
INFO:root:Skipping Hukumat
INFO:root:Skipping Mr. India
INFO:root:Skipping Khudgarz
INFO:root:Skipping Jalwa
INFO:root:Skipping Satyamev Jayate
INFO:root:Skipping Sindoor
INFO:root:Skipping Tezaab
INFO:root:Skipping Qayamat Se Qayamat Tak
INFO:root:Skipping Shahenshah
INFO:root:Skipping Paap Ki Duniya
INFO:root:Skipping Khoon Bhari Maang
INFO:root:Skipping Waqt Ki Awaz
INFO:root:Skipping Pyaar Ka Mandir
INFO:root:Skipping Dayavan
INFO:root:Skipping Maine Pyar Kiya
INFO:root:Skipping Ram Lakhan
INFO:root:Skipping Chandni
INFO:root:Skipping Tridev
INFO:root:Skipping ChaalBaaz
INFO:root:Skipping Elaan-E-Jung
INFO:root:Skipping Daata
INFO:root:Skipping Batwara
INFO:root:Skipping Parinda
INFO:root:Skipping Toofan
INFO:root:Skipping Dil
INFO:root:Skipping Ghayal
INFO:root:Skipping Aaj Ka Arjun
INFO:root:Skipping Kishen Kanhaiya
INFO:root:Skipping Baaghi
INFO:root:Skipping Thanedaar
INFO:root:Skipping Aashiqui
INFO:root:Skipping Swarg
INFO:root:Skipping Baap Numbri Beta Dus Numbri
INFO:root:Skipping Ghar Ho To Aisa
INFO:root:Skipping Saajan
INFO:root:Skipping Saudagar
INFO:root:Skipping Hum
INFO:root:Skipping Yodha
INFO:root:Skipping Phool Aur Kaante
INFO:root:Skipping Sadak
INFO:root:Skipping Akayla
INFO:root:Skipping Henna
INFO:root:Skipping Kurbaan
INFO:root:Skipping Lamhe
INFO:root:Skipping Beta
INFO:root:Skipping Deewana
INFO:root:Skipping Khuda Gawah
INFO:root:Skipping Shola Aur Shabnam
INFO:root:Skipping Tahalka
INFO:root:Skipping Aankhen
INFO:root:Skipping Khal Nayak
INFO:root:Skipping Darr
INFO:root:Skipping Baazigar
INFO:root:Skipping Gumrah
INFO:root:Skipping Damini
INFO:root:Skipping Anari
INFO:root:Skipping Dalaal
INFO:root:Skipping Lootere
INFO:root:Skipping Hum Hain Rahi Pyar Ke
INFO:root:Skipping Hum Aapke Hain Koun..!
INFO:root:Skipping Mohra
INFO:root:Skipping Krantiveer
INFO:root:Skipping Raja Babu
INFO:root:Skipping Main Khiladi Tu Anari
INFO:root:Skipping Yeh Dillagi
INFO:root:Skipping Laadla
INFO:root:Skipping Suhaag
INFO:root:Skipping Dilwale
INFO:root:Skipping Vijaypath
INFO:root:Skipping Dilwale Dulhania Le Jayenge
INFO:root:Skipping Karan Arjun
INFO:root:Skipping Raja
INFO:root:Skipping Barsaat
INFO:root:Skipping Rangeela
INFO:root:Skipping Coolie No. 1
INFO:root:Skipping Sabse Bada Khiladi
INFO:root:Skipping Trimurti
INFO:root:Skipping Ram Jaane
INFO:root:Skipping Akele Hum Akele Tum
INFO:root:Skipping Raja Hindustani
INFO:root:Skipping Agni Sakshi
INFO:root:Skipping Jeet
INFO:root:Skipping Ghatak
INFO:root:Skipping Khiladiyon Ka Khiladi
INFO:root:Skipping Saajan Chale Sasural
INFO:root:Skipping Bandit Queen
INFO:root:Skipping Jaan
INFO:root:Skipping Ajay
INFO:root:Skipping Diljale
INFO:root:Skipping Border
INFO:root:Skipping Dil To Pagal Hai
INFO:root:Skipping Ishq
INFO:root:Skipping Pardes
INFO:root:Skipping Gupt: The Hidden Truth
INFO:root:Skipping Ziddi
INFO:root:Skipping Hero No. 1
INFO:root:Skipping Judaai
INFO:root:Skipping Koyla
INFO:root:Skipping Deewana Mastana
INFO:root:Skipping Kuch Kuch Hota Hai
INFO:root:Skipping Soldier
INFO:root:Skipping Pyaar To Hona Hi Tha
INFO:root:Skipping Bade Miyan Chote Miyan
INFO:root:Skipping Pyaar Kiya To Darna Kya
INFO:root:Skipping Dil Se..
INFO:root:Skipping Ghulam
INFO:root:Skipping Major Saab
INFO:root:Skipping Dulhe Raja
INFO:root:Skipping China Gate
INFO:root:Skipping Hum Saath-Saath Hain
INFO:root:Skipping Biwi No.1
INFO:root:Skipping Hum Dil De Chuke Sanam
INFO:root:Skipping Taal
INFO:root:Skipping Hum Aapke Dil Mein Rehte Hain
INFO:root:Skipping Sarfarosh
INFO:root:Skipping Baadshah
INFO:root:Skipping Mann
INFO:root:Skipping Kachche Dhaage
INFO:root:Skipping Haseena Maan Jaayegi
INFO:root:Skipping Mohabbatein
INFO:root:Skipping Kaho Naa... Pyaar Hai
INFO:root:Skipping Mission Kashmir
INFO:root:Skipping Dulhan Hum Le Jayenge
INFO:root:Skipping Refugee
INFO:root:Skipping Josh
INFO:root:Skipping Har Dil Jo Pyar Karega
INFO:root:Skipping Fiza
INFO:root:Skipping Hamara Dil Aapke Paas Hai
INFO:root:Skipping Dhadkan
INFO:root:Skipping Kabhi Khushi Kabhie Gham...
INFO:root:Skipping Gadar: Ek Prem Katha
INFO:root:Skipping Lagaan
INFO:root:Skipping Indian
INFO:root:Skipping Dil Chahta Hai
INFO:root:Skipping Chori Chori Chupke Chupke
INFO:root:Skipping Ek Rishtaa: The Bond of Love
INFO:root:Skipping Yaadein
INFO:root:Skipping Lajja
INFO:root:Skipping Jodi No.1
INFO:root:Skipping Devdas
INFO:root:Skipping Kaante
INFO:root:Skipping Raaz
INFO:root:Skipping Hum Tumhare Hain Sanam
INFO:root:Skipping Aankhen
INFO:root:Skipping Mujhse Dosti Karoge!
INFO:root:Skipping Humraaz
INFO:root:Skipping Saathiya
INFO:root:Skipping Awara Paagal Deewana
INFO:root:Skipping Company
INFO:root:Skipping Kal Ho Naa Ho
INFO:root:Skipping Koi... Mil Gaya
INFO:root:Skipping The Hero: Love Story of a Spy
INFO:root:Skipping Chalte Chalte
INFO:root:Skipping Baghban
INFO:root:Skipping Main Prem Ki Diwani Hoon
INFO:root:Skipping Munna Bhai M.B.B.S.
INFO:root:Skipping LOC: Kargil
INFO:root:Skipping Andaaz
INFO:root:Skipping Qayamat: City Under Threat
INFO:root:Skipping Veer-Zaara
INFO:root:Skipping Main Hoon Na
INFO:root:Skipping Dhoom
INFO:root:Skipping Mujhse Shaadi Karogi
INFO:root:Skipping Khakee
INFO:root:Skipping Hum Tum
INFO:root:Skipping Swades
INFO:root:Skipping Murder
INFO:root:Skipping Hulchul
INFO:root:Skipping Aitraaz
INFO:root:Skipping No Entry
INFO:root:Skipping Bunty Aur Babli
INFO:root:Skipping Salaam Namaste
INFO:root:Skipping Garam Masala
INFO:root:Skipping Mangal Pandey: The Rising
INFO:root:Skipping Maine Pyaar Kyun Kiya?
INFO:root:Skipping Waqt: The Race Against Time
INFO:root:Skipping Black
INFO:root:Skipping Sarkar
INFO:root:Skipping Dus
INFO:root:Skipping Dhoom 2
INFO:root:Skipping Krrish
INFO:root:Skipping Lage Raho Munna Bhai
INFO:root:Skipping Kabhi Alvida Naa Kehna
INFO:root:Skipping Don
INFO:root:Skipping Fanaa
INFO:root:Skipping Rang De Basanti
INFO:root:Skipping Phir Hera Pheri
INFO:root:Skipping Bhagam Bhag
INFO:root:Skipping Vivah
INFO:root:Skipping Om Shanti Om
INFO:root:Skipping Welcome
INFO:root:Skipping Partner
INFO:root:Skipping Chak De! India
INFO:root:Skipping Taare Zameen Par
INFO:root:Skipping Heyy Babyy
INFO:root:Skipping Guru
INFO:root:Skipping Bhool Bhulaiyaa
INFO:root:Skipping Namastey London
INFO:root:Skipping Ta Ra Rum Pum
INFO:root:Skipping Ghajini
INFO:root:Skipping Rab Ne Bana Di Jodi
INFO:root:Warning: truncating paras for Singh Is Kinng from 1055 down to 1000
INFO:root:Processed Singh Is Kinng
INFO:root:Processed Jodhaa Akbar
INFO:root:Processed Race
INFO:root:Processed Golmaal Returns
INFO:root:Warning: truncating paras for Dostana from 1155 down to 1000
INFO:root:Processed Dostana
INFO:root:Processed Bachna Ae Haseeno
INFO:root:Processed Bhoothnath
INFO:root:Processed Sarkar Raj
INFO:root:Warning: truncating paras for 3 Idiots from 1015 down to 1000
INFO:root:Processed 3 Idiots
INFO:root:Warning: truncating paras for Love Aaj Kal from 1153 down to 1000
INFO:root:Processed Love Aaj Kal
INFO:root:Warning: truncating paras for Ajab Prem Ki Ghazab Kahani from 1056 down to 1000
INFO:root:Processed Ajab Prem Ki Ghazab Kahani
INFO:root:Processed Wanted
INFO:root:Warning: truncating paras for Paa from 3669 down to 1000
INFO:root:Processed Paa
INFO:root:Processed De Dana Dan
INFO:root:Processed Kambakkht Ishq
INFO:root:Processed  New York
INFO:root:Warning: truncating paras for Kaminey from 1014 down to 1000
INFO:root:Processed Kaminey
INFO:root:Processed All the Best: Fun Begins
INFO:root:Warning: truncating paras for My Name Is Khan from 1245 down to 1000
INFO:root:Processed My Name Is Khan
INFO:root:Warning: truncating paras for Dabangg from 1021 down to 1000
INFO:root:Processed Dabangg
INFO:root:Warning: truncating paras for Golmaal 3 from 1017 down to 1000
INFO:root:Processed Golmaal 3
INFO:root:Processed Raajneeti
INFO:root:Processed Housefull
INFO:root:Warning: truncating paras for Tees Maar Khan from 1190 down to 1000
INFO:root:Processed Tees Maar Khan
INFO:root:Warning: truncating paras for Once Upon A Time In Mumbaai from 1045 down to 1000
INFO:root:Processed Once Upon A Time In Mumbaai
INFO:root:Warning: truncating paras for I Hate Luv Storys from 1013 down to 1000
INFO:root:Processed I Hate Luv Storys
INFO:root:Warning: truncating paras for Anjaana Anjaani from 1089 down to 1000
INFO:root:Processed Anjaana Anjaani
INFO:root:Warning: truncating paras for Atithi Tum Kab Jaoge? from 1284 down to 1000
INFO:root:Processed Atithi Tum Kab Jaoge?
INFO:root:Processed  Bodyguard
INFO:root:Warning: truncating paras for Don 2 from 1300 down to 1000
INFO:root:Processed Don 2
INFO:root:Warning: truncating paras for Ra.One from 1875 down to 1000
INFO:root:Processed Ra.One
INFO:root:Warning: truncating paras for Ready from 1089 down to 1000
INFO:root:Processed Ready
INFO:root:Warning: truncating paras for Zindagi Na Milegi Dobara from 1026 down to 1000
INFO:root:Processed Zindagi Na Milegi Dobara
INFO:root:Processed Singham
INFO:root:Warning: truncating paras for The Dirty Picture from 1446 down to 1000
INFO:root:Processed The Dirty Picture
INFO:root:Warning: truncating paras for Rockstar from 1170 down to 1000
INFO:root:Processed Rockstar
INFO:root:Processed Murder 2
INFO:root:Warning: truncating paras for Delhi Belly from 1440 down to 1000
INFO:root:Processed Delhi Belly
INFO:root:Warning: truncating paras for Ek Tha Tiger from 1496 down to 1000
INFO:root:Processed Ek Tha Tiger
INFO:root:Warning: truncating paras for Dabangg 2 from 1092 down to 1000
INFO:root:Processed Dabangg 2
INFO:root:Warning: truncating paras for Rowdy Rathore from 1406 down to 1000
INFO:root:Processed Rowdy Rathore
INFO:root:Warning: truncating paras for Jab Tak Hai Jaan from 1008 down to 1000
INFO:root:Processed Jab Tak Hai Jaan
INFO:root:Warning: truncating paras for Agneepath from 1701 down to 1000
INFO:root:Processed Agneepath
INFO:root:Warning: truncating paras for Barfi! from 1120 down to 1000
INFO:root:Processed Barfi!
INFO:root:Warning: truncating paras for Talaash: The Answer Lies Within from 1075 down to 1000
INFO:root:Processed Talaash: The Answer Lies Within
INFO:root:Processed Housefull 2
INFO:root:Warning: truncating paras for Bol Bachchan from 1142 down to 1000
INFO:root:Processed Bol Bachchan
INFO:root:Processed Son of Sardaar
INFO:root:Processed Dhoom 3
INFO:root:Warning: truncating paras for Chennai Express from 1216 down to 1000
INFO:root:Processed Chennai Express
INFO:root:Warning: truncating paras for Krrish 3 from 1133 down to 1000
INFO:root:Processed Krrish 3
INFO:root:Warning: truncating paras for Yeh Jawaani Hai Deewani from 1204 down to 1000
INFO:root:Processed Yeh Jawaani Hai Deewani
INFO:root:Warning: truncating paras for Aashiqui 2 from 1090 down to 1000
INFO:root:Processed Aashiqui 2
INFO:root:Warning: truncating paras for Goliyon Ki Raasleela Ram-Leela from 1298 down to 1000
INFO:root:Processed Goliyon Ki Raasleela Ram-Leela
INFO:root:Warning: truncating paras for Bhaag Milkha Bhaag from 1174 down to 1000
INFO:root:Processed Bhaag Milkha Bhaag
INFO:root:Processed Race 2
INFO:root:Processed Raanjhanaa
INFO:root:Warning: truncating paras for Grand Masti from 1163 down to 1000
INFO:root:Processed Grand Masti
INFO:root:Warning: truncating paras for PK from 1265 down to 1000
INFO:root:Processed PK
INFO:root:Processed Happy New Year
INFO:root:Warning: truncating paras for Kick from 1097 down to 1000
INFO:root:Processed Kick
INFO:root:Warning: truncating paras for Bang Bang! from 1017 down to 1000
INFO:root:Processed Bang Bang!
INFO:root:Warning: truncating paras for Ek Villain from 1048 down to 1000
INFO:root:Processed Ek Villain
INFO:root:Processed Singham Returns
INFO:root:Processed Jai Ho
INFO:root:Processed Holiday: A Soldier Is Never Off Duty
INFO:root:Processed 2 States
INFO:root:Warning: truncating paras for Gunday from 1110 down to 1000
INFO:root:Processed Gunday
INFO:root:Processed Bajrangi Bhaijaan
INFO:root:Warning: truncating paras for Prem Ratan Dhan Payo from 1138 down to 1000
INFO:root:Processed Prem Ratan Dhan Payo
INFO:root:Processed Dilwale
INFO:root:Warning: truncating paras for Bajirao Mastani from 1200 down to 1000
INFO:root:Processed Bajirao Mastani
INFO:root:Warning: truncating paras for Tanu Weds Manu: Returns from 1457 down to 1000
INFO:root:Processed Tanu Weds Manu: Returns
INFO:root:Warning: truncating paras for Welcome Back from 1448 down to 1000
INFO:root:Processed Welcome Back
INFO:root:Warning: truncating paras for ABCD 2 from 1078 down to 1000
INFO:root:Processed ABCD 2
INFO:root:Processed Drishyam
INFO:root:Warning: truncating paras for Dil Dhadakne Do from 1249 down to 1000
INFO:root:Processed Dil Dhadakne Do
INFO:root:Warning: truncating paras for Baby from 1128 down to 1000
INFO:root:Processed Baby
INFO:root:Warning: truncating paras for Dangal from 1510 down to 1000
INFO:root:Processed Dangal
INFO:root:Processed Sultan
INFO:root:Processed Ae Dil Hai Mushkil
INFO:root:Warning: truncating paras for Rustom from 1100 down to 1000
INFO:root:Processed Rustom
INFO:root:Processed M.S. Dhoni: The Untold Story
INFO:root:Warning: truncating paras for Airlift from 1545 down to 1000
INFO:root:Processed Airlift
INFO:root:Processed Housefull 3
INFO:root:Warning: truncating paras for Fan from 1010 down to 1000
INFO:root:Processed Fan
INFO:root:Processed Shivaay
INFO:root:Warning: truncating paras for Secret Superstar from 1722 down to 1000
INFO:root:Processed Secret Superstar
INFO:root:Warning: truncating paras for Tiger Zinda Hai from 1338 down to 1000
INFO:root:Processed Tiger Zinda Hai
INFO:root:Processed Hindi Medium
INFO:root:Processed Toilet: Ek Prem Katha
INFO:root:Processed Golmaal Again
INFO:root:Warning: truncating paras for Raees from 1073 down to 1000
INFO:root:Processed Raees
INFO:root:Processed Judwaa 2
INFO:root:Processed Tubelight
INFO:root:Processed Kaabil
INFO:root:Processed Badrinath Ki Dulhania
INFO:root:Warning: truncating paras for Sanju from 1130 down to 1000
INFO:root:Processed Sanju
INFO:root:Warning: truncating paras for Padmaavat from 1141 down to 1000
INFO:root:Processed Padmaavat
INFO:root:Processed Andhadhun
INFO:root:Warning: truncating paras for Simmba from 1116 down to 1000
INFO:root:Processed Simmba
INFO:root:Warning: truncating paras for Thugs of Hindustan from 1354 down to 1000
INFO:root:Processed Thugs of Hindustan
INFO:root:Processed Race 3
INFO:root:Processed Baaghi 2
INFO:root:Warning: truncating paras for Hichki from 1315 down to 1000
INFO:root:Processed Hichki
INFO:root:Warning: truncating paras for Badhaai Ho from 1327 down to 1000
INFO:root:Processed Badhaai Ho
INFO:root:Warning: truncating paras for Pad Man from 1422 down to 1000
INFO:root:Processed Pad Man
INFO:root:Warning: truncating paras for War from 1115 down to 1000
INFO:root:Processed War
INFO:root:Warning: truncating paras for Saaho from 1523 down to 1000
INFO:root:Processed Saaho
INFO:root:Warning: truncating paras for Kabir Singh from 1225 down to 1000
INFO:root:Processed Kabir Singh
INFO:root:Warning: truncating paras for Uri: The Surgical Strike from 1062 down to 1000
INFO:root:Processed Uri: The Surgical Strike
INFO:root:Warning: truncating paras for Bharat from 1131 down to 1000
INFO:root:Processed Bharat
INFO:root:Processed Good Newwz
INFO:root:Processed Housefull 4
INFO:root:Warning: truncating paras for Mission Mangal from 1286 down to 1000
INFO:root:Processed Mission Mangal
INFO:root:Warning: truncating paras for Gully Boy from 1199 down to 1000
INFO:root:Processed Gully Boy
INFO:root:Processed Dabangg 3
INFO:root:Processed Tanhaji
INFO:root:Processed Baaghi 3
INFO:root:Processed Street Dancer 3D
INFO:root:Processed Shubh Mangal Zyada Saavdhan
INFO:root:Processed Malang
INFO:root:Processed Chhapaak
INFO:root:Processed Love Aaj Kal
INFO:root:Warning: truncating paras for Jawaani Jaaneman from 1321 down to 1000
INFO:root:Processed Jawaani Jaaneman
INFO:root:Processed Thappad
INFO:root:Processed Panga
INFO:root:Processed Sooryavanshi
INFO:root:Warning: truncating paras for 83 from 1506 down to 1000
INFO:root:Processed 83
INFO:root:Processed Antim: The Final Truth
INFO:root:Warning: truncating paras for Bell Bottom from 1213 down to 1000
INFO:root:Processed Bell Bottom
INFO:root:Processed Chandigarh Kare Aashiqui
INFO:root:Processed Tadap
INFO:root:Warning: truncating paras for Roohi from 1569 down to 1000
INFO:root:Processed Roohi
INFO:root:Processed Mumbai Saga
INFO:root:Processed Bunty Aur Babli 2
INFO:root:Processed Radhe
INFO:root:Warning: truncating paras for Brahmāstra: Part One – Shiva from 1773 down to 1000
INFO:root:Processed Brahmāstra: Part One – Shiva
INFO:root:Warning: truncating paras for Drishyam 2 from 1008 down to 1000
INFO:root:Processed Drishyam 2
INFO:root:Warning: truncating paras for The Kashmir Files from 1263 down to 1000
INFO:root:Processed The Kashmir Files
INFO:root:Warning: truncating paras for Bhool Bhulaiyaa 2 from 1242 down to 1000
INFO:root:Processed Bhool Bhulaiyaa 2
INFO:root:Warning: truncating paras for Radhe Shyam from 1085 down to 1000
INFO:root:Processed Radhe Shyam
INFO:root:Processed Gangubai Kathiawadi
INFO:root:Processed Jugjugg Jeeyo
INFO:root:Processed Vikram Vedha
INFO:root:Warning: truncating paras for Laal Singh Chaddha from 1045 down to 1000
INFO:root:Processed Laal Singh Chaddha
INFO:root:Processed Ram Setu
