Processing 9 titles for 1947
Processing 8 titles for 1948
Processing 9 titles for 1949
Processing 10 titles for 1950
Skipping Har Har Mahadev, /w/index.php?title=Har_Har_Mahadev_(1950_film)&action=edit&redlink=1 because it doesn't start with /wiki/, year 1950
Processing 10 titles for 1951
Skipping Nagina, https://m.imdb.com/title/tt0213105/ because it doesn't start with /wiki/, year 1951
Processing 10 titles for 1952
Processing 9 titles for 1953
Processing 10 titles for 1954
Processing 9 titles for 1955
Processing 10 titles for 1956
Processing 10 titles for 1957
Processing 10 titles for 1958
Processing 10 titles for 1959
Warning: got 12 titles for 1960, only going to keep 10
Warning: got 20 titles for 1961, only going to keep 10
Warning: got 13 titles for 1962, only going to keep 10
Processing 10 titles for 1963
Warning: got 15 titles for 1964, only going to keep 10
Warning: got 20 titles for 1965, only going to keep 10
Processing 10 titles for 1966
Warning: got 15 titles for 1967, only going to keep 10
Warning: got 20 titles for 1968, only going to keep 10
Warning: got 26 titles for 1969, only going to keep 10
Warning: got 20 titles for 1970, only going to keep 10
Warning: got 35 titles for 1971, only going to keep 10
Processing 10 titles for 1972
Warning: got 20 titles for 1973, only going to keep 10
Warning: got 22 titles for 1974, only going to keep 10
Warning: got 20 titles for 1975, only going to keep 10
Warning: got 20 titles for 1976, only going to keep 10
Warning: got 15 titles for 1977, only going to keep 10
Processing 10 titles for 1978
Warning: got 11 titles for 1979, only going to keep 10
Warning: got 20 titles for 1980, only going to keep 10
Processing 10 titles for 1981
Warning: got 12 titles for 1982, only going to keep 10
Processing 10 titles for 1983
Processing 10 titles for 1984
Processing 10 titles for 1985
Warning: got 11 titles for 1986, only going to keep 10
Processing 7 titles for 1987
Skipping Watan Ke Rakhwale, /w/index.php?title=Watan_Ke_Rakhwale_(1987_film)&action=edit&redlink=1 because it doesn't start with /wiki/, year 1987
Processing 8 titles for 1988
Processing 10 titles for 1989
Warning: got 11 titles for 1990, only going to keep 10
Processing 10 titles for 1991
Processing 5 titles for 1992
Processing 10 titles for 1993
Processing 10 titles for 1994
Processing 10 titles for 1995
Processing 10 titles for 1996
Warning: got 11 titles for 1997, only going to keep 10
Processing 10 titles for 1998
Processing 10 titles for 1999
Processing 10 titles for 2000
Warning: got 11 titles for 2001, only going to keep 10
Warning: got 11 titles for 2002, only going to keep 10
Processing 10 titles for 2003
Processing 10 titles for 2004
Processing 10 titles for 2005
Processing 10 titles for 2006
Processing 10 titles for 2007
Processing 10 titles for 2008
Warning: got 11 titles for 2009, only going to keep 10
Processing 10 titles for 2010
Processing 10 titles for 2011
Processing 10 titles for 2012
Processing 10 titles for 2013
Processing 10 titles for 2014
Processing 10 titles for 2015
Processing 9 titles for 2016
Processing 10 titles for 2017
Processing 10 titles for 2018
Processing 10 titles for 2019
Processing 10 titles for 2020
Processing 10 titles for 2021
Processing 10 titles for 2022
Writing 740 movies to hindi_hits_from_1947_to_2022.json
Done writing
